<?xml version="1.0" encoding="UTF-8"?>
<!-- Generated by org.testng.reporters.JUnitXMLReporter -->
<testsuite hostname="DESKTOP-NMA0ISQ" ignored="0" name="Test" tests="3" failures="1" timestamp="20 Feb 2020 10:40:13 GMT" time="23.239" errors="0">
  <testcase name="testCase1" time="8.659" classname="com.MavenTest01"/>
  <testcase name="test01" time="6.948" classname="com.MavenTest02"/>
  <testcase name="testCase1" time="6.041" classname="com.MavenTest03">
    <failure type="java.lang.AssertionError" message="expected [false] but found [true]">
      <![CDATA[java.lang.AssertionError: expected [false] but found [true]
at com.MavenTest03.testCase1(MavenTest03.java:54)
... Removed 34 stack frames]]>
    </failure>
  </testcase> <!-- testCase1 -->
</testsuite> <!-- Test -->
