<?xml version="1.0" encoding="UTF-8"?>
<testng-results skipped="0" failed="0" ignored="0" total="1" passed="1">
  <reporter-output>
    <line>
      <![CDATA[MavenTest02.setupStart]]>
    </line>
    <line>
      <![CDATA[MavenTest02.setupEnd]]>
    </line>
    <line>
      <![CDATA[MavenTest02.test01Start]]>
    </line>
    <line>
      <![CDATA[MavenTest02.test01End]]>
    </line>
    <line>
      <![CDATA[MavenTest02.quitBrowserStart]]>
    </line>
    <line>
      <![CDATA[MavenTest02.quitBrowserEnd]]>
    </line>
  </reporter-output>
  <suite name="Default suite" duration-ms="9564" started-at="2020-01-14T15:16:16 IST" finished-at="2020-01-14T15:16:25 IST">
    <groups>
    </groups>
    <test name="Default test" duration-ms="9564" started-at="2020-01-14T15:16:16 IST" finished-at="2020-01-14T15:16:25 IST">
      <class name="com.MavenTest02">
        <test-method status="PASS" signature="setup()[pri:0, instance:com.MavenTest02@6b9651f3]" name="setup" is-config="true" duration-ms="4746" started-at="2020-01-14T15:16:16 IST" finished-at="2020-01-14T15:16:21 IST">
          <reporter-output>
            <line>
              <![CDATA[MavenTest02.setupStart]]>
            </line>
            <line>
              <![CDATA[MavenTest02.setupEnd]]>
            </line>
          </reporter-output>
        </test-method> <!-- setup -->
        <test-method status="PASS" signature="test01()[pri:0, instance:com.MavenTest02@6b9651f3]" name="test01" duration-ms="3498" started-at="2020-01-14T15:16:21 IST" finished-at="2020-01-14T15:16:24 IST">
          <reporter-output>
            <line>
              <![CDATA[MavenTest02.test01Start]]>
            </line>
            <line>
              <![CDATA[MavenTest02.test01End]]>
            </line>
          </reporter-output>
        </test-method> <!-- test01 -->
        <test-method status="PASS" signature="quitBrowser()[pri:0, instance:com.MavenTest02@6b9651f3]" name="quitBrowser" is-config="true" duration-ms="1266" started-at="2020-01-14T15:16:24 IST" finished-at="2020-01-14T15:16:25 IST">
          <reporter-output>
            <line>
              <![CDATA[MavenTest02.quitBrowserStart]]>
            </line>
            <line>
              <![CDATA[MavenTest02.quitBrowserEnd]]>
            </line>
          </reporter-output>
        </test-method> <!-- quitBrowser -->
      </class> <!-- com.MavenTest02 -->
    </test> <!-- Default test -->
  </suite> <!-- Default suite -->
</testng-results>
